<?xml version="1.0" encoding="UTF-8"?>
<!-- Generated by org.testng.reporters.JUnitXMLReporter -->
<testsuite ignored="5" hostname="DESKTOP-H5TQTBC" failures="1" tests="1" name="Default test" time="0.04" errors="0" timestamp="2021-11-02T14:42:38 IST">
  <testcase classname="com.rest.CRUD.RestAPI_CRUD_Operations" name="getUsersDataOnAPage" time="0.0">
    <failure type="org.testng.TestNGException" message="
Parameter &amp;apos;pageNumber&amp;apos; is required by @Test on method getUsersDataOnAPage but has not been marked @Optional or defined
in C:\Users\Tinku&amp;apos;s\AppData\Local\Temp\testng-eclipse--44553029\testng-customsuite.xml">
      <![CDATA[org.testng.TestNGException: 
Parameter 'pageNumber' is required by @Test on method getUsersDataOnAPage but has not been marked @Optional or defined
in C:\Users\Tinku's\AppData\Local\Temp\testng-eclipse--44553029\testng-customsuite.xml
at org.testng.internal.Parameters.createParams(Parameters.java:289)
at org.testng.internal.Parameters.createParametersForMethod(Parameters.java:377)
at org.testng.internal.Parameters.createParameters(Parameters.java:721)
at org.testng.internal.Parameters.handleParameters(Parameters.java:895)
at org.testng.internal.Parameters.handleParameters(Parameters.java:762)
at org.testng.internal.ParameterHandler.handleParameters(ParameterHandler.java:60)
at org.testng.internal.ParameterHandler.createParameters(ParameterHandler.java:39)
at org.testng.internal.TestInvoker$MethodInvocationAgent.invoke(TestInvoker.java:771)
at org.testng.internal.TestInvoker.invokeTestMethods(TestInvoker.java:145)
at org.testng.internal.TestMethodWorker.invokeTestMethods(TestMethodWorker.java:146)
at org.testng.internal.TestMethodWorker.run(TestMethodWorker.java:128)
at java.base/java.util.ArrayList.forEach(ArrayList.java:1511)
at org.testng.TestRunner.privateRun(TestRunner.java:770)
at org.testng.TestRunner.run(TestRunner.java:591)
at org.testng.SuiteRunner.runTest(SuiteRunner.java:402)
at org.testng.SuiteRunner.runSequentially(SuiteRunner.java:396)
at org.testng.SuiteRunner.privateRun(SuiteRunner.java:355)
at org.testng.SuiteRunner.run(SuiteRunner.java:304)
at org.testng.SuiteRunnerWorker.runSuite(SuiteRunnerWorker.java:53)
at org.testng.SuiteRunnerWorker.run(SuiteRunnerWorker.java:96)
at org.testng.TestNG.runSuitesSequentially(TestNG.java:1180)
at org.testng.TestNG.runSuitesLocally(TestNG.java:1102)
at org.testng.TestNG.runSuites(TestNG.java:1032)
at org.testng.TestNG.run(TestNG.java:1000)
at org.testng.remote.AbstractRemoteTestNG.run(AbstractRemoteTestNG.java:115)
at org.testng.remote.RemoteTestNG.initAndRun(RemoteTestNG.java:251)
at org.testng.remote.RemoteTestNG.main(RemoteTestNG.java:77)
]]>
    </failure>
  </testcase> <!-- getUsersDataOnAPage -->
  <testcase classname="com.rest.CRUD.RestAPI_CRUD_Operations" name="createUser" time="0.0">
    <ignored/>
  </testcase> <!-- createUser -->
  <testcase classname="com.rest.CRUD.RestAPI_CRUD_Operations" name="updateUserByID" time="0.0">
    <ignored/>
  </testcase> <!-- updateUserByID -->
  <testcase classname="com.rest.CRUD.RestAPI_CRUD_Operations" name="deleteUserByID" time="0.0">
    <ignored/>
  </testcase> <!-- deleteUserByID -->
  <testcase classname="com.rest.CRUD.RestAPI_CRUD_Operations" name="getUserByID" time="0.0">
    <ignored/>
  </testcase> <!-- getUserByID -->
  <testcase classname="com.rest.CRUD.RestAPI_CRUD_Operations" name="partialUpdateUser" time="0.0">
    <ignored/>
  </testcase> <!-- partialUpdateUser -->
</testsuite> <!-- Default test -->
